=> creating model 'resnet20'
=> Model : resnet20
=> parameter : Namespace(arch='resnet20', batch_size=32, data_path='./data/cifar.python', dataset='cifar10', epoch_prune=1, eval_small=True, evaluate=True, lr=0.1, ngpu=1, print_freq=5, rate=0.9, resume='', save_dir='./logs/infer_small_model', skip_downsample=1, small_model='best_model_test/model_best.pth.tar', use_cuda=True, workers=0)
Compress Rate: 0.9
Epoch prune: 1
Skip downsample : 1
eval true
Evaluate: small model
=> loading small model 'best_model_test/model_best.pth.tar'
Test: [0/313]	Time 4.284 (4.284)	Loss 0.2902 (0.2902)	Prec@1 90.625 (90.625)	Prec@5 100.000 (100.000)
Test: [5/313]	Time 0.050 (0.756)	Loss 0.6423 (0.5501)	Prec@1 78.125 (82.812)	Prec@5 100.000 (100.000)
Test: [10/313]	Time 0.051 (0.436)	Loss 0.4782 (0.4680)	Prec@1 84.375 (84.375)	Prec@5 100.000 (100.000)
Test: [15/313]	Time 0.046 (0.314)	Loss 0.3127 (0.4733)	Prec@1 84.375 (84.180)	Prec@5 100.000 (99.805)
Test: [20/313]	Time 0.046 (0.251)	Loss 0.5479 (0.4372)	Prec@1 84.375 (85.417)	Prec@5 100.000 (99.851)
Test: [25/313]	Time 0.045 (0.213)	Loss 0.8598 (0.4761)	Prec@1 81.250 (84.255)	Prec@5 96.875 (99.760)
Test: [30/313]	Time 0.047 (0.186)	Loss 0.3234 (0.4751)	Prec@1 90.625 (84.173)	Prec@5 96.875 (99.698)
Test: [35/313]	Time 0.068 (0.171)	Loss 0.7357 (0.4836)	Prec@1 71.875 (83.854)	Prec@5 100.000 (99.653)
Test: [40/313]	Time 0.049 (0.156)	Loss 0.2897 (0.4798)	Prec@1 87.500 (83.918)	Prec@5 100.000 (99.695)
Test: [45/313]	Time 0.048 (0.144)	Loss 0.3785 (0.4622)	Prec@1 84.375 (84.511)	Prec@5 100.000 (99.728)
Test: [50/313]	Time 0.068 (0.136)	Loss 0.6226 (0.4677)	Prec@1 78.125 (84.069)	Prec@5 96.875 (99.694)
Test: [55/313]	Time 0.078 (0.130)	Loss 0.5922 (0.4633)	Prec@1 78.125 (84.040)	Prec@5 100.000 (99.609)
Test: [60/313]	Time 0.059 (0.125)	Loss 1.0328 (0.4848)	Prec@1 75.000 (83.607)	Prec@5 96.875 (99.385)
Test: [65/313]	Time 0.103 (0.121)	Loss 0.4223 (0.4888)	Prec@1 87.500 (83.617)	Prec@5 100.000 (99.384)
Test: [70/313]	Time 0.070 (0.118)	Loss 0.5296 (0.4975)	Prec@1 81.250 (83.407)	Prec@5 100.000 (99.340)
Test: [75/313]	Time 0.064 (0.115)	Loss 0.6937 (0.5013)	Prec@1 87.500 (83.347)	Prec@5 100.000 (99.260)
Test: [80/313]	Time 0.052 (0.111)	Loss 0.4121 (0.4996)	Prec@1 84.375 (83.449)	Prec@5 96.875 (99.190)
Test: [85/313]	Time 0.052 (0.108)	Loss 0.2572 (0.4945)	Prec@1 90.625 (83.612)	Prec@5 100.000 (99.164)
Test: [90/313]	Time 0.057 (0.104)	Loss 0.2573 (0.4930)	Prec@1 93.750 (83.688)	Prec@5 100.000 (99.210)
Test: [95/313]	Time 0.077 (0.102)	Loss 0.4011 (0.4885)	Prec@1 84.375 (83.887)	Prec@5 100.000 (99.219)
Test: [100/313]	Time 0.053 (0.100)	Loss 0.7023 (0.4869)	Prec@1 75.000 (83.849)	Prec@5 96.875 (99.196)
Test: [105/313]	Time 0.055 (0.098)	Loss 0.3674 (0.4854)	Prec@1 87.500 (83.903)	Prec@5 100.000 (99.204)
Test: [110/313]	Time 0.045 (0.096)	Loss 0.3503 (0.4840)	Prec@1 87.500 (83.896)	Prec@5 100.000 (99.212)
Test: [115/313]	Time 0.044 (0.094)	Loss 0.4425 (0.4868)	Prec@1 78.125 (83.917)	Prec@5 96.875 (99.192)
Test: [120/313]	Time 0.049 (0.092)	Loss 0.2860 (0.4869)	Prec@1 90.625 (83.858)	Prec@5 100.000 (99.174)
Test: [125/313]	Time 0.044 (0.090)	Loss 0.5250 (0.4860)	Prec@1 81.250 (83.879)	Prec@5 100.000 (99.182)
Test: [130/313]	Time 0.045 (0.088)	Loss 0.6686 (0.4886)	Prec@1 87.500 (83.898)	Prec@5 100.000 (99.141)
Test: [135/313]	Time 0.053 (0.087)	Loss 0.2865 (0.4842)	Prec@1 93.750 (84.007)	Prec@5 100.000 (99.173)
Test: [140/313]	Time 0.047 (0.085)	Loss 0.5104 (0.4843)	Prec@1 87.500 (84.043)	Prec@5 100.000 (99.180)
Test: [145/313]	Time 0.046 (0.084)	Loss 0.4084 (0.4907)	Prec@1 84.375 (83.883)	Prec@5 100.000 (99.187)
Test: [150/313]	Time 0.047 (0.083)	Loss 0.4085 (0.4900)	Prec@1 81.250 (83.816)	Prec@5 100.000 (99.193)
Test: [155/313]	Time 0.050 (0.082)	Loss 0.7965 (0.4909)	Prec@1 71.875 (83.714)	Prec@5 96.875 (99.179)
Test: [160/313]	Time 0.047 (0.081)	Loss 0.4452 (0.4898)	Prec@1 90.625 (83.812)	Prec@5 93.750 (99.127)
Test: [165/313]	Time 0.051 (0.080)	Loss 0.4053 (0.4928)	Prec@1 78.125 (83.678)	Prec@5 100.000 (99.134)
Test: [170/313]	Time 0.051 (0.079)	Loss 0.7229 (0.4911)	Prec@1 71.875 (83.699)	Prec@5 100.000 (99.159)
Test: [175/313]	Time 0.053 (0.079)	Loss 0.6649 (0.4934)	Prec@1 75.000 (83.647)	Prec@5 96.875 (99.148)
Test: [180/313]	Time 0.060 (0.078)	Loss 0.1971 (0.4893)	Prec@1 90.625 (83.702)	Prec@5 100.000 (99.154)
Test: [185/313]	Time 0.046 (0.077)	Loss 0.3998 (0.4916)	Prec@1 87.500 (83.585)	Prec@5 100.000 (99.160)
Test: [190/313]	Time 0.046 (0.076)	Loss 0.4367 (0.4923)	Prec@1 84.375 (83.573)	Prec@5 100.000 (99.166)
Test: [195/313]	Time 0.048 (0.076)	Loss 0.4321 (0.4911)	Prec@1 87.500 (83.594)	Prec@5 100.000 (99.187)
Test: [200/313]	Time 0.057 (0.075)	Loss 0.9267 (0.4900)	Prec@1 75.000 (83.660)	Prec@5 96.875 (99.192)
Test: [205/313]	Time 0.045 (0.074)	Loss 0.3907 (0.4907)	Prec@1 84.375 (83.586)	Prec@5 100.000 (99.211)
Test: [210/313]	Time 0.045 (0.074)	Loss 0.5979 (0.4902)	Prec@1 81.250 (83.679)	Prec@5 100.000 (99.200)
Test: [215/313]	Time 0.046 (0.073)	Loss 0.2134 (0.4938)	Prec@1 90.625 (83.579)	Prec@5 100.000 (99.190)
Test: [220/313]	Time 0.051 (0.072)	Loss 0.4506 (0.4965)	Prec@1 84.375 (83.527)	Prec@5 100.000 (99.180)
Test: [225/313]	Time 0.044 (0.072)	Loss 0.6638 (0.4969)	Prec@1 75.000 (83.490)	Prec@5 100.000 (99.198)
Test: [230/313]	Time 0.045 (0.071)	Loss 0.2372 (0.4938)	Prec@1 93.750 (83.658)	Prec@5 100.000 (99.202)
Test: [235/313]	Time 0.049 (0.071)	Loss 0.3966 (0.4932)	Prec@1 87.500 (83.673)	Prec@5 100.000 (99.219)
Test: [240/313]	Time 0.051 (0.070)	Loss 0.4729 (0.4911)	Prec@1 87.500 (83.753)	Prec@5 100.000 (99.235)
Test: [245/313]	Time 0.053 (0.070)	Loss 0.3464 (0.4916)	Prec@1 90.625 (83.778)	Prec@5 100.000 (99.251)
Test: [250/313]	Time 0.049 (0.069)	Loss 0.3185 (0.4895)	Prec@1 90.625 (83.877)	Prec@5 100.000 (99.265)
Test: [255/313]	Time 0.049 (0.069)	Loss 0.4860 (0.4865)	Prec@1 84.375 (83.984)	Prec@5 100.000 (99.280)
Test: [260/313]	Time 0.075 (0.069)	Loss 0.3483 (0.4871)	Prec@1 87.500 (83.920)	Prec@5 100.000 (99.282)
Test: [265/313]	Time 0.044 (0.068)	Loss 0.5535 (0.4898)	Prec@1 81.250 (83.882)	Prec@5 100.000 (99.272)
Test: [270/313]	Time 0.047 (0.068)	Loss 0.4814 (0.4929)	Prec@1 84.375 (83.833)	Prec@5 100.000 (99.274)
Test: [275/313]	Time 0.045 (0.068)	Loss 0.9477 (0.4938)	Prec@1 78.125 (83.832)	Prec@5 100.000 (99.275)
Test: [280/313]	Time 0.044 (0.067)	Loss 0.5769 (0.4922)	Prec@1 81.250 (83.863)	Prec@5 96.875 (99.266)
Test: [285/313]	Time 0.046 (0.067)	Loss 0.4495 (0.4895)	Prec@1 84.375 (83.949)	Prec@5 96.875 (99.268)
Test: [290/313]	Time 0.044 (0.066)	Loss 0.4510 (0.4895)	Prec@1 81.250 (83.956)	Prec@5 100.000 (99.259)
Test: [295/313]	Time 0.045 (0.066)	Loss 0.3995 (0.4882)	Prec@1 81.250 (83.974)	Prec@5 100.000 (99.272)
Test: [300/313]	Time 0.045 (0.066)	Loss 0.2439 (0.4862)	Prec@1 93.750 (84.012)	Prec@5 100.000 (99.284)
Test: [305/313]	Time 0.049 (0.065)	Loss 0.3840 (0.4846)	Prec@1 84.375 (84.038)	Prec@5 100.000 (99.285)
Test: [310/313]	Time 0.044 (0.065)	Loss 0.3922 (0.4859)	Prec@1 78.125 (84.013)	Prec@5 100.000 (99.266)
 * Prec@1 84.000 Prec@5 99.270 Error@1 16.000
small model accu: 84.0
