*****************LOG_Cache_2022_04_22_08_57*****************
notify started
notify_frontend reboosted!
log_root_path log
mail_user a429296965@163.com
default_reciving_list ['a429296965@163.com']
start monitoring:)
save path : ./logs/cifar10_resnet110_norm2_0_324_3_rate0.7
{'arch': 'resnet110', 'batch_size': 32, 'data_path': './data/cifar.python', 'dataset': 'cifar10', 'decay': 0.0005, 'decay_rate': 0.7, 'epoch_prune': 1, 'epochs': 200, 'evaluate': False, 'gammas': [10.0, 0.2, 0.2, 0.2], 'layer_begin': 0, 'layer_end': 324, 'layer_inter': 3, 'learning_rate': 0.01, 'manualSeed': 3801, 'momentum': 0.9, 'ngpu': 1, 'print_freq': 200, 'rate': 0.7, 'resume': '', 'save_path': './logs/cifar10_resnet110_norm2_0_324_3_rate0.7', 'schedule': [1, 60, 120, 160], 'start_epoch': 0, 'use_cuda': True, 'use_state_dict': False, 'workers': 0}
Random Seed: 3801
python version : 3.8.8 (default, Apr 13 2021, 15:08:03) [MSC v.1916 64 bit (AMD64)]
torch  version : 1.10.0
cudnn  version : 8200
Compress Rate: 0.7
Layer Begin: 0
Layer End: 324
Layer Inter: 3
Epoch prune: 1
=> creating model 'resnet110'
CifarResNet : Depth : 110 , Layers for each block : 18
=> do not use any checkpoint for resnet110 model
----------one epoch begin----------
the compression rate now is 0.700000
  **Test** Prec@1 10.000 Prec@5 50.000 Error@1 90.000
 accu before is: 10.000 %
mask Ready
mask Done
  **Test** Prec@1 10.000 Prec@5 49.900 Error@1 90.000
 accu after is: 10.0 %

==>>[2022-04-22 00:58:40] [Epoch=000/200] [Need: 00:00:00] [learning_rate=0.0100] [Best : Accuracy=0.00, Error=100.00]
  Epoch: [000][000/1563]   Time 1.001 (1.001)   Data 0.030 (0.030)   Loss 8.3067 (8.3067)   Prec@1 6.250 (6.250)   Prec@5 37.500 (37.500)   [2022-04-22 00:58:41]
  Epoch: [000][200/1563]   Time 0.396 (0.412)   Data 0.010 (0.011)   Loss 1.7479 (2.4367)   Prec@1 40.625 (22.233)   Prec@5 87.500 (72.808)   [2022-04-22 01:00:02]
  Epoch: [000][400/1563]   Time 0.390 (0.410)   Data 0.010 (0.011)   Loss 2.1658 (2.1236)   Prec@1 21.875 (27.096)   Prec@5 71.875 (79.216)   [2022-04-22 01:01:24]
Traceback (most recent call last):
  File "D:/python_script/soft-filter-pruning-master/pruning_cifar10_resnet.py", line 511, in <module>
    main()
  File "D:/python_script/soft-filter-pruning-master/pruning_cifar10_resnet.py", line 221, in main
    train_acc, train_los = train(train_loader, net, criterion, optimizer, 0, log)
  File "D:/python_script/soft-filter-pruning-master/pruning_cifar10_resnet.py", line 277, in train
    input = input.cuda()
KeyboardInterrupt
finished

============================================================
Processing finished !
start time: 2022_04_22  08:57:03
end time: 2022_04_22  09:01:33
source: LAPTOP-ORM4EMUV

Preparing the email with auto log file :
 pruning_cifar10_resnet__2022_04_22-08_57_03_log 
as  .rtf
Traceback (most recent call last):
  File "D:/python_script/soft-filter-pruning-master/pruning_cifar10_resnet.py", line 511, in <module>
    main()
  File "D:/python_script/soft-filter-pruning-master/pruning_cifar10_resnet.py", line 221, in main
    train_acc, train_los = train(train_loader, net, criterion, optimizer, 0, log)
  File "D:/python_script/soft-filter-pruning-master/pruning_cifar10_resnet.py", line 277, in train
    input = input.cuda()
KeyboardInterrupt
